<?xml version="1.0" encoding="UTF-8"?>
<testsuite name="uk.co.javahelp.maven.plugin.fitnesse.mojo.CalcWikiFormatClasspathTest" time="0.453" tests="15" errors="0" skipped="0" failures="0">
  <properties>
[...]
</properties>
  <testcase name="testMultiDependenciesManyArtifactsEach" classname="uk.co.javahelp.maven.plugin.fitnesse.mojo.CalcWikiFormatClasspathTest" time="0.133"/>
  <testcase name="testStandAloneMode" classname="uk.co.javahelp.maven.plugin.fitnesse.mojo.CalcWikiFormatClasspathTest" time="0.014"/>
  <testcase name="testOneDependencyOneArtifact" classname="uk.co.javahelp.maven.plugin.fitnesse.mojo.CalcWikiFormatClasspathTest" time="0.013"/>
  <testcase name="testNoDependenciesNoFitNesseArtifact" classname="uk.co.javahelp.maven.plugin.fitnesse.mojo.CalcWikiFormatClasspathTest" time="0.011"/>
  <testcase name="testOneDependencyTwoArtifacts" classname="uk.co.javahelp.maven.plugin.fitnesse.mojo.CalcWikiFormatClasspathTest" time="0.011"/>
  <testcase name="testNoDependenciesFitNesseOk" classname="uk.co.javahelp.maven.plugin.fitnesse.mojo.CalcWikiFormatClasspathTest" time="0.014"/>
  <testcase name="testPluginDependenciesAndProjectDependencies" classname="uk.co.javahelp.maven.plugin.fitnesse.mojo.CalcWikiFormatClasspathTest" time="0.029"/>
  <testcase name="testWhitespaceHandling1" classname="uk.co.javahelp.maven.plugin.fitnesse.mojo.CalcWikiFormatClasspathTest" time="0.009"/>
  <testcase name="testWhitespaceHandling2" classname="uk.co.javahelp.maven.plugin.fitnesse.mojo.CalcWikiFormatClasspathTest" time="0.017"/>
  <testcase name="testWithoutDependecyAddedToPluginArtifactsAreNotResolved" classname="uk.co.javahelp.maven.plugin.fitnesse.mojo.CalcWikiFormatClasspathTest" time="0.022"/>
  <testcase name="testProjectDependencyScopes" classname="uk.co.javahelp.maven.plugin.fitnesse.mojo.CalcWikiFormatClasspathTest" time="0.135"/>
  <testcase name="testNoDependenciesNoFitNesseJarFile" classname="uk.co.javahelp.maven.plugin.fitnesse.mojo.CalcWikiFormatClasspathTest" time="0.007"/>
  <testcase name="testTwoDependenciesTwoArtifacts" classname="uk.co.javahelp.maven.plugin.fitnesse.mojo.CalcWikiFormatClasspathTest" time="0.009"/>
  <testcase name="testMissingArtifacts" classname="uk.co.javahelp.maven.plugin.fitnesse.mojo.CalcWikiFormatClasspathTest" time="0.014"/>
  <testcase name="testArtifactResolutionExceptions" classname="uk.co.javahelp.maven.plugin.fitnesse.mojo.CalcWikiFormatClasspathTest" time="0.015"/>
</testsuite>