<?xml version="1.0" encoding="UTF-8"?>
<testsuite name="uk.co.javahelp.maven.plugin.fitnesse.responders.run.DelegatingResultsListenerTest" time="0.101" tests="10" errors="0" skipped="0" failures="0">
  <properties>
[...]
</properties>
  <testcase name="testTestOutputChunk" classname="uk.co.javahelp.maven.plugin.fitnesse.responders.run.DelegatingResultsListenerTest" time="0.031"/>
  <testcase name="testTestExceptionOccurred" classname="uk.co.javahelp.maven.plugin.fitnesse.responders.run.DelegatingResultsListenerTest" time="0.024"/>
  <testcase name="testTestAssertionVerified" classname="uk.co.javahelp.maven.plugin.fitnesse.responders.run.DelegatingResultsListenerTest" time="0.006"/>
  <testcase name="testErrorOccured" classname="uk.co.javahelp.maven.plugin.fitnesse.responders.run.DelegatingResultsListenerTest" time="0.002"/>
  <testcase name="testTestSystemStarted" classname="uk.co.javahelp.maven.plugin.fitnesse.responders.run.DelegatingResultsListenerTest" time="0.034"/>
  <testcase name="testAllTestingComplete" classname="uk.co.javahelp.maven.plugin.fitnesse.responders.run.DelegatingResultsListenerTest" time="0.001"/>
  <testcase name="testSetExecutionLogAndTrackingId" classname="uk.co.javahelp.maven.plugin.fitnesse.responders.run.DelegatingResultsListenerTest" time="0.001"/>
  <testcase name="testTestComplete" classname="uk.co.javahelp.maven.plugin.fitnesse.responders.run.DelegatingResultsListenerTest" time="0.001"/>
  <testcase name="testNewTestStarted" classname="uk.co.javahelp.maven.plugin.fitnesse.responders.run.DelegatingResultsListenerTest" time="0.001"/>
  <testcase name="testAnnounceNumberTestsToRun" classname="uk.co.javahelp.maven.plugin.fitnesse.responders.run.DelegatingResultsListenerTest" time="0"/>
</testsuite>